-- Found ament_cmake: 1.3.9 (/opt/ros/humble/share/ament_cmake/cmake)
-- Override CMake install command with custom implementation using symlinks instead of copying resources
-- Found rclcpp: 16.0.9 (/opt/ros/humble/share/rclcpp/cmake)
-- Found rosidl_generator_c: 3.1.5 (/opt/ros/humble/share/rosidl_generator_c/cmake)
-- Found rosidl_adapter: 3.1.5 (/opt/ros/humble/share/rosidl_adapter/cmake)
-- Found rosidl_generator_cpp: 3.1.5 (/opt/ros/humble/share/rosidl_generator_cpp/cmake)
-- Using all available rosidl_typesupport_c: rosidl_typesupport_fastrtps_c;rosidl_typesupport_introspection_c
-- Using all available rosidl_typesupport_cpp: rosidl_typesupport_fastrtps_cpp;rosidl_typesupport_introspection_cpp
-- Found rmw_implementation_cmake: 6.1.2 (/opt/ros/humble/share/rmw_implementation_cmake/cmake)
-- Found rmw_fastrtps_cpp: 6.2.6 (/opt/ros/humble/share/rmw_fastrtps_cpp/cmake)
-- Using RMW implementation 'rmw_fastrtps_cpp' as default
-- Configuring done
-- Generating done
-- Build files have been written to: /home/a/racecar_simulator/build/racecar_simulator
[ 50%] [32mBuilding CXX object CMakeFiles/simulator.dir/src/simulator.cpp.o[0m
[100%] [32m[1mLinking CXX executable simulator[0m
[100%] Built target simulator
-- Install configuration: ""
-- Execute custom install script
-- Symlinking: /home/a/racecar_simulator/install/racecar_simulator/lib/racecar_simulator/simulator
-- Symlinking: /home/a/racecar_simulator/install/racecar_simulator/share/ament_index/resource_index/package_run_dependencies/racecar_simulator
-- Symlinking: /home/a/racecar_simulator/install/racecar_simulator/share/ament_index/resource_index/parent_prefix_path/racecar_simulator
-- Symlinking: /home/a/racecar_simulator/install/racecar_simulator/share/racecar_simulator/environment/ament_prefix_path.sh
-- Symlinking: /home/a/racecar_simulator/install/racecar_simulator/share/racecar_simulator/environment/ament_prefix_path.dsv
-- Symlinking: /home/a/racecar_simulator/install/racecar_simulator/share/racecar_simulator/environment/path.sh
-- Symlinking: /home/a/racecar_simulator/install/racecar_simulator/share/racecar_simulator/environment/path.dsv
-- Symlinking: /home/a/racecar_simulator/install/racecar_simulator/share/racecar_simulator/local_setup.bash
-- Symlinking: /home/a/racecar_simulator/install/racecar_simulator/share/racecar_simulator/local_setup.sh
-- Symlinking: /home/a/racecar_simulator/install/racecar_simulator/share/racecar_simulator/local_setup.zsh
-- Symlinking: /home/a/racecar_simulator/install/racecar_simulator/share/racecar_simulator/local_setup.dsv
-- Symlinking: /home/a/racecar_simulator/install/racecar_simulator/share/racecar_simulator/package.dsv
-- Symlinking: /home/a/racecar_simulator/install/racecar_simulator/share/ament_index/resource_index/packages/racecar_simulator
-- Symlinking: /home/a/racecar_simulator/install/racecar_simulator/share/racecar_simulator/cmake/racecar_simulatorConfig.cmake
-- Symlinking: /home/a/racecar_simulator/install/racecar_simulator/share/racecar_simulator/cmake/racecar_simulatorConfig-version.cmake
-- Symlinking: /home/a/racecar_simulator/install/racecar_simulator/share/racecar_simulator/package.xml
