[0.004s] Invoking command in '/home/a/racecar_simulator/build/racecar_simulator': CMAKE_PREFIX_PATH=/opt/ros/humble /usr/bin/cmake /home/a/racecar_simulator/src/racecar_simulator -DAMENT_CMAKE_SYMLINK_INSTALL=1 -DCMAKE_INSTALL_PREFIX=/home/a/racecar_simulator/install/racecar_simulator
[0.009s] -- Found ament_cmake: 1.3.9 (/opt/ros/humble/share/ament_cmake/cmake)
[0.063s] -- Override CMake install command with custom implementation using symlinks instead of copying resources
[0.068s] -- Found rclcpp: 16.0.9 (/opt/ros/humble/share/rclcpp/cmake)
[0.097s] -- Found rosidl_generator_c: 3.1.5 (/opt/ros/humble/share/rosidl_generator_c/cmake)
[0.098s] -- Found rosidl_adapter: 3.1.5 (/opt/ros/humble/share/rosidl_adapter/cmake)
[0.100s] -- Found rosidl_generator_cpp: 3.1.5 (/opt/ros/humble/share/rosidl_generator_cpp/cmake)
[0.105s] -- Using all available rosidl_typesupport_c: rosidl_typesupport_fastrtps_c;rosidl_typesupport_introspection_c
[0.113s] -- Using all available rosidl_typesupport_cpp: rosidl_typesupport_fastrtps_cpp;rosidl_typesupport_introspection_cpp
[0.141s] -- Found rmw_implementation_cmake: 6.1.2 (/opt/ros/humble/share/rmw_implementation_cmake/cmake)
[0.141s] -- Found rmw_fastrtps_cpp: 6.2.6 (/opt/ros/humble/share/rmw_fastrtps_cpp/cmake)
[0.730s] -- Using RMW implementation 'rmw_fastrtps_cpp' as default
[0.847s] -- Configuring done
[0.852s] -- Generating done
[0.853s] -- Build files have been written to: /home/a/racecar_simulator/build/racecar_simulator
[0.857s] Invoked command in '/home/a/racecar_simulator/build/racecar_simulator' returned '0': CMAKE_PREFIX_PATH=/opt/ros/humble /usr/bin/cmake /home/a/racecar_simulator/src/racecar_simulator -DAMENT_CMAKE_SYMLINK_INSTALL=1 -DCMAKE_INSTALL_PREFIX=/home/a/racecar_simulator/install/racecar_simulator
[0.857s] Invoking command in '/home/a/racecar_simulator/build/racecar_simulator': CMAKE_PREFIX_PATH=/opt/ros/humble /usr/bin/cmake --build /home/a/racecar_simulator/build/racecar_simulator -- -j24 -l24
[0.876s] [ 50%] [32mBuilding CXX object CMakeFiles/simulator.dir/src/simulator.cpp.o[0m
[2.888s] [100%] [32m[1mLinking CXX executable simulator[0m
[3.002s] [100%] Built target simulator
[3.007s] Invoked command in '/home/a/racecar_simulator/build/racecar_simulator' returned '0': CMAKE_PREFIX_PATH=/opt/ros/humble /usr/bin/cmake --build /home/a/racecar_simulator/build/racecar_simulator -- -j24 -l24
[3.020s] Invoking command in '/home/a/racecar_simulator/build/racecar_simulator': CMAKE_PREFIX_PATH=/opt/ros/humble /usr/bin/cmake --install /home/a/racecar_simulator/build/racecar_simulator
[3.022s] -- Install configuration: ""
[3.022s] -- Execute custom install script
[3.023s] -- Symlinking: /home/a/racecar_simulator/install/racecar_simulator/lib/racecar_simulator/simulator
[3.027s] -- Symlinking: /home/a/racecar_simulator/install/racecar_simulator/share/ament_index/resource_index/package_run_dependencies/racecar_simulator
[3.030s] -- Symlinking: /home/a/racecar_simulator/install/racecar_simulator/share/ament_index/resource_index/parent_prefix_path/racecar_simulator
[3.033s] -- Symlinking: /home/a/racecar_simulator/install/racecar_simulator/share/racecar_simulator/environment/ament_prefix_path.sh
[3.036s] -- Symlinking: /home/a/racecar_simulator/install/racecar_simulator/share/racecar_simulator/environment/ament_prefix_path.dsv
[3.039s] -- Symlinking: /home/a/racecar_simulator/install/racecar_simulator/share/racecar_simulator/environment/path.sh
[3.042s] -- Symlinking: /home/a/racecar_simulator/install/racecar_simulator/share/racecar_simulator/environment/path.dsv
[3.045s] -- Symlinking: /home/a/racecar_simulator/install/racecar_simulator/share/racecar_simulator/local_setup.bash
[3.048s] -- Symlinking: /home/a/racecar_simulator/install/racecar_simulator/share/racecar_simulator/local_setup.sh
[3.051s] -- Symlinking: /home/a/racecar_simulator/install/racecar_simulator/share/racecar_simulator/local_setup.zsh
[3.054s] -- Symlinking: /home/a/racecar_simulator/install/racecar_simulator/share/racecar_simulator/local_setup.dsv
[3.057s] -- Symlinking: /home/a/racecar_simulator/install/racecar_simulator/share/racecar_simulator/package.dsv
[3.059s] -- Symlinking: /home/a/racecar_simulator/install/racecar_simulator/share/ament_index/resource_index/packages/racecar_simulator
[3.062s] -- Symlinking: /home/a/racecar_simulator/install/racecar_simulator/share/racecar_simulator/cmake/racecar_simulatorConfig.cmake
[3.065s] -- Symlinking: /home/a/racecar_simulator/install/racecar_simulator/share/racecar_simulator/cmake/racecar_simulatorConfig-version.cmake
[3.068s] -- Symlinking: /home/a/racecar_simulator/install/racecar_simulator/share/racecar_simulator/package.xml
[3.071s] Invoked command in '/home/a/racecar_simulator/build/racecar_simulator' returned '0': CMAKE_PREFIX_PATH=/opt/ros/humble /usr/bin/cmake --install /home/a/racecar_simulator/build/racecar_simulator
