[0.004s] Invoking command in '/home/a/racecar_simulator/build/racecar_simulator': /usr/bin/cmake /home/a/racecar_simulator/src/racecar_simulator -DCMAKE_INSTALL_PREFIX=/home/a/racecar_simulator/install/racecar_simulator
[0.071s] -- The C compiler identification is GNU 11.4.0
[0.146s] -- The CXX compiler identification is GNU 11.4.0
[0.175s] -- Detecting C compiler ABI info
[0.211s] -- Detecting C compiler ABI info - done
[0.214s] -- Check for working C compiler: /usr/bin/cc - skipped
[0.214s] -- Detecting C compile features
[0.215s] -- Detecting C compile features - done
[0.217s] -- Detecting CXX compiler ABI info
[0.255s] -- Detecting CXX compiler ABI info - done
[0.259s] -- Check for working CXX compiler: /usr/bin/c++ - skipped
[0.259s] -- Detecting CXX compile features
[0.259s] -- Detecting CXX compile features - done
[0.266s] -- Found ament_cmake: 1.3.9 (/opt/ros/humble/share/ament_cmake/cmake)
[0.335s] -- Found Python3: /usr/bin/python3 (found version "3.10.12") found components: Interpreter 
[0.388s] -- Found rclcpp: 16.0.9 (/opt/ros/humble/share/rclcpp/cmake)
[0.442s] -- Found rosidl_generator_c: 3.1.5 (/opt/ros/humble/share/rosidl_generator_c/cmake)
[0.446s] -- Found rosidl_adapter: 3.1.5 (/opt/ros/humble/share/rosidl_adapter/cmake)
[0.453s] -- Found rosidl_generator_cpp: 3.1.5 (/opt/ros/humble/share/rosidl_generator_cpp/cmake)
[0.465s] -- Using all available rosidl_typesupport_c: rosidl_typesupport_fastrtps_c;rosidl_typesupport_introspection_c
[0.480s] -- Using all available rosidl_typesupport_cpp: rosidl_typesupport_fastrtps_cpp;rosidl_typesupport_introspection_cpp
[0.531s] -- Found rmw_implementation_cmake: 6.1.2 (/opt/ros/humble/share/rmw_implementation_cmake/cmake)
[0.533s] -- Found rmw_fastrtps_cpp: 6.2.6 (/opt/ros/humble/share/rmw_fastrtps_cpp/cmake)
[0.710s] -- Found OpenSSL: /usr/lib/x86_64-linux-gnu/libcrypto.so (found version "3.0.2")  
[0.861s] -- Found FastRTPS: /opt/ros/humble/include  
[1.142s] -- Using RMW implementation 'rmw_fastrtps_cpp' as default
[1.158s] -- Looking for pthread.h
[1.198s] -- Looking for pthread.h - found
[1.198s] -- Performing Test CMAKE_HAVE_LIBC_PTHREAD
[1.233s] -- Performing Test CMAKE_HAVE_LIBC_PTHREAD - Success
[1.233s] -- Found Threads: TRUE  
[1.347s] Error parsing '/home/a/racecar_simulator/src/racecar_simulator/package.xml':
[1.372s] Traceback (most recent call last):
[1.372s]   File "/opt/ros/humble/share/ament_cmake_core/cmake/core/package_xml_2_cmake.py", line 150, in <module>
[1.372s]     main()
[1.372s]   File "/opt/ros/humble/share/ament_cmake_core/cmake/core/package_xml_2_cmake.py", line 53, in main
[1.372s]     raise e
[1.372s]   File "/opt/ros/humble/share/ament_cmake_core/cmake/core/package_xml_2_cmake.py", line 49, in main
[1.372s]     package = parse_package_string(
[1.373s]   File "/usr/lib/python3/dist-packages/catkin_pkg/package.py", line 786, in parse_package_string
[1.373s]     raise InvalidPackage('Error(s):%s' % (''.join(['\n- %s' % e for e in errors])), filename)
[1.373s] catkin_pkg.package.InvalidPackage: Error(s) in package '/home/a/racecar_simulator/src/racecar_simulator/package.xml':
[1.373s] Error(s):
[1.373s] - The generic dependency on 'rclcpp' is redundant with: exec_depend
[1.373s] - The generic dependency on 'std_msgs' is redundant with: exec_depend
[1.379s] [31mCMake Error at /opt/ros/humble/share/ament_cmake_core/cmake/core/ament_package_xml.cmake:95 (message):
[1.379s]   execute_process(/usr/bin/python3
[1.379s]   /opt/ros/humble/share/ament_cmake_core/cmake/core/package_xml_2_cmake.py
[1.379s]   /home/a/racecar_simulator/src/racecar_simulator/package.xml
[1.379s]   /home/a/racecar_simulator/build/racecar_simulator/ament_cmake_core/package.cmake)
[1.379s]   returned error code 1
[1.380s] Call Stack (most recent call first):
[1.380s]   /opt/ros/humble/share/ament_cmake_core/cmake/core/ament_package_xml.cmake:49 (_ament_package_xml)
[1.380s]   /opt/ros/humble/share/ament_cmake_core/cmake/core/ament_package.cmake:63 (ament_package_xml)
[1.380s]   CMakeLists.txt:41 (ament_package)
[1.380s] 
[1.380s] [0m
[1.380s] -- Configuring incomplete, errors occurred!
[1.380s] See also "/home/a/racecar_simulator/build/racecar_simulator/CMakeFiles/CMakeOutput.log".
[1.384s] Invoked command in '/home/a/racecar_simulator/build/racecar_simulator' returned '1': /usr/bin/cmake /home/a/racecar_simulator/src/racecar_simulator -DCMAKE_INSTALL_PREFIX=/home/a/racecar_simulator/install/racecar_simulator
