[0.007s] Invoking command in '/home/a/racecar_simulator/build/racecar_simulator': /usr/bin/cmake /home/a/racecar_simulator/src/racecar_simulator -DCMAKE_INSTALL_PREFIX=/home/a/racecar_simulator/install/racecar_simulator
[0.033s] -- Found ament_cmake: 1.3.9 (/opt/ros/humble/share/ament_cmake/cmake)
[0.110s] -- Found rclcpp: 16.0.9 (/opt/ros/humble/share/rclcpp/cmake)
[0.157s] -- Found rosidl_generator_c: 3.1.5 (/opt/ros/humble/share/rosidl_generator_c/cmake)
[0.159s] -- Found rosidl_adapter: 3.1.5 (/opt/ros/humble/share/rosidl_adapter/cmake)
[0.165s] -- Found rosidl_generator_cpp: 3.1.5 (/opt/ros/humble/share/rosidl_generator_cpp/cmake)
[0.174s] -- Using all available rosidl_typesupport_c: rosidl_typesupport_fastrtps_c;rosidl_typesupport_introspection_c
[0.185s] -- Using all available rosidl_typesupport_cpp: rosidl_typesupport_fastrtps_cpp;rosidl_typesupport_introspection_cpp
[0.227s] -- Found rmw_implementation_cmake: 6.1.2 (/opt/ros/humble/share/rmw_implementation_cmake/cmake)
[0.229s] -- Found rmw_fastrtps_cpp: 6.2.6 (/opt/ros/humble/share/rmw_fastrtps_cpp/cmake)
[0.847s] -- Using RMW implementation 'rmw_fastrtps_cpp' as default
[0.962s] Error parsing '/home/a/racecar_simulator/src/racecar_simulator/package.xml':
[0.989s] Traceback (most recent call last):
[0.989s]   File "/opt/ros/humble/share/ament_cmake_core/cmake/core/package_xml_2_cmake.py", line 150, in <module>
[0.989s]     main()
[0.989s]   File "/opt/ros/humble/share/ament_cmake_core/cmake/core/package_xml_2_cmake.py", line 53, in main
[0.990s]     raise e
[0.990s]   File "/opt/ros/humble/share/ament_cmake_core/cmake/core/package_xml_2_cmake.py", line 49, in main
[0.990s]     package = parse_package_string(
[0.990s]   File "/usr/lib/python3/dist-packages/catkin_pkg/package.py", line 786, in parse_package_string
[0.990s]     raise InvalidPackage('Error(s):%s' % (''.join(['\n- %s' % e for e in errors])), filename)
[0.990s] catkin_pkg.package.InvalidPackage: Error(s) in package '/home/a/racecar_simulator/src/racecar_simulator/package.xml':
[0.990s] Error(s):
[0.990s] - The generic dependency on 'rclcpp' is redundant with: exec_depend
[0.990s] - The generic dependency on 'std_msgs' is redundant with: exec_depend
[0.998s] [31mCMake Error at /opt/ros/humble/share/ament_cmake_core/cmake/core/ament_package_xml.cmake:95 (message):
[0.998s]   execute_process(/usr/bin/python3
[0.998s]   /opt/ros/humble/share/ament_cmake_core/cmake/core/package_xml_2_cmake.py
[0.998s]   /home/a/racecar_simulator/src/racecar_simulator/package.xml
[0.998s]   /home/a/racecar_simulator/build/racecar_simulator/ament_cmake_core/package.cmake)
[0.998s]   returned error code 1
[0.998s] Call Stack (most recent call first):
[0.998s]   /opt/ros/humble/share/ament_cmake_core/cmake/core/ament_package_xml.cmake:49 (_ament_package_xml)
[0.998s]   /opt/ros/humble/share/ament_cmake_core/cmake/core/ament_package.cmake:63 (ament_package_xml)
[0.998s]   CMakeLists.txt:41 (ament_package)
[0.998s] 
[0.998s] [0m
[0.998s] -- Configuring incomplete, errors occurred!
[0.998s] See also "/home/a/racecar_simulator/build/racecar_simulator/CMakeFiles/CMakeOutput.log".
[1.003s] Invoked command in '/home/a/racecar_simulator/build/racecar_simulator' returned '1': /usr/bin/cmake /home/a/racecar_simulator/src/racecar_simulator -DCMAKE_INSTALL_PREFIX=/home/a/racecar_simulator/install/racecar_simulator
